2018-05-15 14:13:47,190 INFO  [Log] **************************************************************************************** 
2018-05-15 14:13:47,190 INFO  [Log] **************************************************************************************** 
2018-05-15 14:13:47,190 INFO  [Log] $$$$$$$$$$$$$$$$$$$$$                 TC_Login_01       $$$$$$$$$$$$$$$$$$$$$$$$$ 
2018-05-15 14:13:47,190 INFO  [Log] **************************************************************************************** 
2018-05-15 14:13:47,190 INFO  [Log] **************************************************************************************** 
2018-05-15 14:13:47,190 INFO  [Log] Enter emailAddress 
2018-05-15 14:13:47,536 INFO  [Log] Entred Username is: testpersonaluser6@yopmail.com 
2018-05-15 14:13:50,689 INFO  [Log] Click on Continue buttton 
2018-05-15 14:13:50,769 INFO  [Log] Sign Up page found 
2018-05-15 14:13:53,770 INFO  [Log] XXXXXXXXXXXXXXXXXXXXXXX             -E---N---D-             XXXXXXXXXXXXXXXXXXXXXX 
2018-05-15 14:13:53,770 INFO  [Log] X 
2018-05-15 14:13:53,770 INFO  [Log] X 
2018-05-15 14:13:53,770 INFO  [Log] X 
2018-05-15 14:13:53,770 INFO  [Log] X 
2018-05-15 14:13:53,818 INFO  [Log] **************************************************************************************** 
2018-05-15 14:13:53,818 INFO  [Log] **************************************************************************************** 
2018-05-15 14:13:53,818 INFO  [Log] $$$$$$$$$$$$$$$$$$$$$                 TC_Login_02       $$$$$$$$$$$$$$$$$$$$$$$$$ 
2018-05-15 14:13:53,818 INFO  [Log] **************************************************************************************** 
2018-05-15 14:13:53,818 INFO  [Log] **************************************************************************************** 
2018-05-15 14:13:53,818 INFO  [Log] Validate personal account button is enabled 
2018-05-15 14:13:56,962 INFO  [Log] XXXXXXXXXXXXXXXXXXXXXXX             -E---N---D-             XXXXXXXXXXXXXXXXXXXXXX 
2018-05-15 14:13:56,962 INFO  [Log] X 
2018-05-15 14:13:56,962 INFO  [Log] X 
2018-05-15 14:13:56,962 INFO  [Log] X 
2018-05-15 14:13:56,962 INFO  [Log] X 
2018-05-15 14:13:56,990 INFO  [Log] **************************************************************************************** 
2018-05-15 14:13:56,990 INFO  [Log] **************************************************************************************** 
2018-05-15 14:13:56,990 INFO  [Log] $$$$$$$$$$$$$$$$$$$$$                 TC_Login_03       $$$$$$$$$$$$$$$$$$$$$$$$$ 
2018-05-15 14:13:56,990 INFO  [Log] **************************************************************************************** 
2018-05-15 14:13:56,990 INFO  [Log] **************************************************************************************** 
2018-05-15 14:13:57,184 INFO  [Log] Enter passwordtest@123 
2018-05-15 14:13:57,184 INFO  [Log] Click on personal account button 
2018-05-15 14:13:57,382 INFO  [Log] Enter mobile number2303200710 
2018-05-15 14:13:57,418 INFO  [Log] XXXXXXXXXXXXXXXXXXXXXXX             -E---N---D-             XXXXXXXXXXXXXXXXXXXXXX 
2018-05-15 14:13:57,418 INFO  [Log] X 
2018-05-15 14:13:57,418 INFO  [Log] X 
2018-05-15 14:13:57,418 INFO  [Log] X 
2018-05-15 14:13:57,418 INFO  [Log] X 
2018-05-15 14:14:00,751 INFO  [Log] Enter Namepersonaluserdemo 
2018-05-15 14:14:03,857 INFO  [Log] Account has been created 
2018-05-15 14:14:07,461 INFO  [Log] XXXXXXXXXXXXXXXXXXXXXXX             -E---N---D-             XXXXXXXXXXXXXXXXXXXXXX 
2018-05-15 14:14:07,461 INFO  [Log] X 
2018-05-15 14:14:07,462 INFO  [Log] X 
2018-05-15 14:14:07,462 INFO  [Log] X 
2018-05-15 14:14:07,462 INFO  [Log] X 
2018-05-15 14:14:07,546 INFO  [Log] **************************************************************************************** 
2018-05-15 14:14:07,546 INFO  [Log] **************************************************************************************** 
2018-05-15 14:14:07,546 INFO  [Log] $$$$$$$$$$$$$$$$$$$$$                 To Select prodcut       $$$$$$$$$$$$$$$$$$$$$$$$$ 
2018-05-15 14:14:07,546 INFO  [Log] **************************************************************************************** 
2018-05-15 14:14:07,546 INFO  [Log] **************************************************************************************** 
2018-05-15 14:14:14,056 INFO  [Log] Click on product Title 
2018-05-15 14:14:17,173 INFO  [Log] XXXXXXXXXXXXXXXXXXXXXXX             -E---N---D-             XXXXXXXXXXXXXXXXXXXXXX 
2018-05-15 14:14:17,173 INFO  [Log] X 
2018-05-15 14:14:17,173 INFO  [Log] X 
2018-05-15 14:14:17,173 INFO  [Log] X 
2018-05-15 14:14:17,173 INFO  [Log] X 
2018-05-15 14:14:17,185 INFO  [Log] **************************************************************************************** 
2018-05-15 14:14:17,185 INFO  [Log] **************************************************************************************** 
2018-05-15 14:14:17,185 INFO  [Log] $$$$$$$$$$$$$$$$$$$$$                 OpenCartItam       $$$$$$$$$$$$$$$$$$$$$$$$$ 
2018-05-15 14:14:17,185 INFO  [Log] **************************************************************************************** 
2018-05-15 14:14:17,185 INFO  [Log] **************************************************************************************** 
2018-05-15 14:14:30,297 INFO  [Log] **************************************************************************************** 
2018-05-15 14:14:30,297 INFO  [Log] **************************************************************************************** 
2018-05-15 14:14:30,297 INFO  [Log] $$$$$$$$$$$$$$$$$$$$$                 Add Address       $$$$$$$$$$$$$$$$$$$$$$$$$ 
2018-05-15 14:14:30,297 INFO  [Log] **************************************************************************************** 
2018-05-15 14:14:30,297 INFO  [Log] **************************************************************************************** 
2018-05-15 14:14:46,323 ERROR [Log] Add Shipping Address button not found 
2018-05-15 14:14:59,353 INFO  [Log] **************************************************************************************** 
2018-05-15 14:14:59,353 INFO  [Log] **************************************************************************************** 
2018-05-15 14:14:59,353 INFO  [Log] $$$$$$$$$$$$$$$$$$$$$                 Proceed COD Order to Payment        $$$$$$$$$$$$$$$$$$$$$$$$$ 
2018-05-15 14:14:59,353 INFO  [Log] **************************************************************************************** 
2018-05-15 14:14:59,353 INFO  [Log] **************************************************************************************** 
2018-05-15 15:00:58,937 INFO  [Log] **************************************************************************************** 
2018-05-15 15:00:58,938 INFO  [Log] **************************************************************************************** 
2018-05-15 15:00:58,938 INFO  [Log] $$$$$$$$$$$$$$$$$$$$$                 TC_Login_01       $$$$$$$$$$$$$$$$$$$$$$$$$ 
2018-05-15 15:00:58,938 INFO  [Log] **************************************************************************************** 
2018-05-15 15:00:58,938 INFO  [Log] **************************************************************************************** 
2018-05-15 15:00:58,938 INFO  [Log] Enter emailAddress 
2018-05-15 15:00:59,347 INFO  [Log] Entred Username is: testpersonaluser7@yopmail.com 
2018-05-15 15:01:02,555 INFO  [Log] Click on Continue buttton 
2018-05-15 15:01:02,636 INFO  [Log] Sign Up page found 
2018-05-15 15:01:05,636 INFO  [Log] XXXXXXXXXXXXXXXXXXXXXXX             -E---N---D-             XXXXXXXXXXXXXXXXXXXXXX 
2018-05-15 15:01:05,636 INFO  [Log] X 
2018-05-15 15:01:05,636 INFO  [Log] X 
2018-05-15 15:01:05,636 INFO  [Log] X 
2018-05-15 15:01:05,636 INFO  [Log] X 
2018-05-15 15:01:05,671 INFO  [Log] **************************************************************************************** 
2018-05-15 15:01:05,671 INFO  [Log] **************************************************************************************** 
2018-05-15 15:01:05,671 INFO  [Log] $$$$$$$$$$$$$$$$$$$$$                 TC_Login_02       $$$$$$$$$$$$$$$$$$$$$$$$$ 
2018-05-15 15:01:05,671 INFO  [Log] **************************************************************************************** 
2018-05-15 15:01:05,671 INFO  [Log] **************************************************************************************** 
2018-05-15 15:01:05,671 INFO  [Log] Validate personal account button is enabled 
2018-05-15 15:01:08,859 INFO  [Log] XXXXXXXXXXXXXXXXXXXXXXX             -E---N---D-             XXXXXXXXXXXXXXXXXXXXXX 
2018-05-15 15:01:08,859 INFO  [Log] X 
2018-05-15 15:01:08,859 INFO  [Log] X 
2018-05-15 15:01:08,859 INFO  [Log] X 
2018-05-15 15:01:08,859 INFO  [Log] X 
2018-05-15 15:01:08,892 INFO  [Log] **************************************************************************************** 
2018-05-15 15:01:08,892 INFO  [Log] **************************************************************************************** 
2018-05-15 15:01:08,892 INFO  [Log] $$$$$$$$$$$$$$$$$$$$$                 TC_Login_03       $$$$$$$$$$$$$$$$$$$$$$$$$ 
2018-05-15 15:01:08,892 INFO  [Log] **************************************************************************************** 
2018-05-15 15:01:08,892 INFO  [Log] **************************************************************************************** 
2018-05-15 15:01:09,062 INFO  [Log] Enter passwordtest@123 
2018-05-15 15:01:09,062 INFO  [Log] Click on personal account button 
2018-05-15 15:01:09,231 INFO  [Log] Enter mobile number2303290710 
2018-05-15 15:01:09,273 INFO  [Log] XXXXXXXXXXXXXXXXXXXXXXX             -E---N---D-             XXXXXXXXXXXXXXXXXXXXXX 
2018-05-15 15:01:09,273 INFO  [Log] X 
2018-05-15 15:01:09,273 INFO  [Log] X 
2018-05-15 15:01:09,273 INFO  [Log] X 
2018-05-15 15:01:09,273 INFO  [Log] X 
2018-05-15 15:01:12,543 INFO  [Log] Enter Namepersonaluserdemo 
2018-05-15 15:01:15,685 INFO  [Log] Account has been created 
2018-05-15 15:01:19,195 INFO  [Log] XXXXXXXXXXXXXXXXXXXXXXX             -E---N---D-             XXXXXXXXXXXXXXXXXXXXXX 
2018-05-15 15:01:19,196 INFO  [Log] X 
2018-05-15 15:01:19,196 INFO  [Log] X 
2018-05-15 15:01:19,196 INFO  [Log] X 
2018-05-15 15:01:19,196 INFO  [Log] X 
2018-05-15 15:01:19,245 INFO  [Log] **************************************************************************************** 
2018-05-15 15:01:19,245 INFO  [Log] **************************************************************************************** 
2018-05-15 15:01:19,245 INFO  [Log] $$$$$$$$$$$$$$$$$$$$$                 To Select prodcut       $$$$$$$$$$$$$$$$$$$$$$$$$ 
2018-05-15 15:01:19,245 INFO  [Log] **************************************************************************************** 
2018-05-15 15:01:19,245 INFO  [Log] **************************************************************************************** 
2018-05-15 15:01:21,500 INFO  [Log] Click on product Title 
2018-05-15 15:01:24,627 INFO  [Log] XXXXXXXXXXXXXXXXXXXXXXX             -E---N---D-             XXXXXXXXXXXXXXXXXXXXXX 
2018-05-15 15:01:24,627 INFO  [Log] X 
2018-05-15 15:01:24,627 INFO  [Log] X 
2018-05-15 15:01:24,627 INFO  [Log] X 
2018-05-15 15:01:24,627 INFO  [Log] X 
2018-05-15 15:01:24,640 INFO  [Log] **************************************************************************************** 
2018-05-15 15:01:24,640 INFO  [Log] **************************************************************************************** 
2018-05-15 15:01:24,640 INFO  [Log] $$$$$$$$$$$$$$$$$$$$$                 OpenCartItam       $$$$$$$$$$$$$$$$$$$$$$$$$ 
2018-05-15 15:01:24,640 INFO  [Log] **************************************************************************************** 
2018-05-15 15:01:24,640 INFO  [Log] **************************************************************************************** 
2018-05-15 15:01:37,688 ERROR [Log] Add to Cart button not found and product is out of stock 
2018-05-15 15:01:40,689 INFO  [Log] XXXXXXXXXXXXXXXXXXXXXXX             -E---N---D-             XXXXXXXXXXXXXXXXXXXXXX 
2018-05-15 15:01:40,689 INFO  [Log] X 
2018-05-15 15:01:40,689 INFO  [Log] X 
2018-05-15 15:01:40,690 INFO  [Log] X 
2018-05-15 15:01:40,690 INFO  [Log] X 
2018-05-15 15:01:40,690 INFO  [Log] Click on Cart Icon 
2018-05-15 15:01:56,960 INFO  [Log] **************************************************************************************** 
2018-05-15 15:01:56,960 INFO  [Log] **************************************************************************************** 
2018-05-15 15:01:56,960 INFO  [Log] $$$$$$$$$$$$$$$$$$$$$                 Add Address       $$$$$$$$$$$$$$$$$$$$$$$$$ 
2018-05-15 15:01:56,960 INFO  [Log] **************************************************************************************** 
2018-05-15 15:01:56,960 INFO  [Log] **************************************************************************************** 
2018-05-15 15:02:13,007 ERROR [Log] Add Shipping Address button not found 
2018-05-15 15:02:26,036 INFO  [Log] **************************************************************************************** 
2018-05-15 15:02:26,036 INFO  [Log] **************************************************************************************** 
2018-05-15 15:02:26,036 INFO  [Log] $$$$$$$$$$$$$$$$$$$$$                 Proceed COD Order to Payment        $$$$$$$$$$$$$$$$$$$$$$$$$ 
2018-05-15 15:02:26,036 INFO  [Log] **************************************************************************************** 
2018-05-15 15:02:26,036 INFO  [Log] **************************************************************************************** 
2018-05-15 15:37:46,210 INFO  [Log] **************************************************************************************** 
2018-05-15 15:37:46,211 INFO  [Log] **************************************************************************************** 
2018-05-15 15:37:46,211 INFO  [Log] $$$$$$$$$$$$$$$$$$$$$                 TC_Login_01       $$$$$$$$$$$$$$$$$$$$$$$$$ 
2018-05-15 15:37:46,211 INFO  [Log] **************************************************************************************** 
2018-05-15 15:37:46,211 INFO  [Log] **************************************************************************************** 
2018-05-15 15:37:46,211 INFO  [Log] Enter emailAddress 
2018-05-15 15:37:56,302 INFO  [Log] **************************************************************************************** 
2018-05-15 15:37:56,302 INFO  [Log] **************************************************************************************** 
2018-05-15 15:37:56,302 INFO  [Log] $$$$$$$$$$$$$$$$$$$$$                 To Select prodcut       $$$$$$$$$$$$$$$$$$$$$$$$$ 
2018-05-15 15:37:56,302 INFO  [Log] **************************************************************************************** 
2018-05-15 15:37:56,302 INFO  [Log] **************************************************************************************** 
2018-05-15 15:38:06,376 INFO  [Log] **************************************************************************************** 
2018-05-15 15:38:06,376 INFO  [Log] **************************************************************************************** 
2018-05-15 15:38:06,376 INFO  [Log] $$$$$$$$$$$$$$$$$$$$$                 OpenCartItam       $$$$$$$$$$$$$$$$$$$$$$$$$ 
2018-05-15 15:38:06,376 INFO  [Log] **************************************************************************************** 
2018-05-15 15:38:06,376 INFO  [Log] **************************************************************************************** 
2018-05-15 15:38:19,448 ERROR [Log] Add to Cart button not found and product is out of stock 
2018-05-15 15:38:22,448 INFO  [Log] XXXXXXXXXXXXXXXXXXXXXXX             -E---N---D-             XXXXXXXXXXXXXXXXXXXXXX 
2018-05-15 15:38:22,449 INFO  [Log] X 
2018-05-15 15:38:22,449 INFO  [Log] X 
2018-05-15 15:38:22,449 INFO  [Log] X 
2018-05-15 15:38:22,449 INFO  [Log] X 
2018-05-15 15:38:22,580 INFO  [Log] **************************************************************************************** 
2018-05-15 15:38:22,581 INFO  [Log] **************************************************************************************** 
2018-05-15 15:38:22,581 INFO  [Log] $$$$$$$$$$$$$$$$$$$$$                 Add Address       $$$$$$$$$$$$$$$$$$$$$$$$$ 
2018-05-15 15:38:22,581 INFO  [Log] **************************************************************************************** 
2018-05-15 15:38:22,581 INFO  [Log] **************************************************************************************** 
2018-05-15 15:39:07,351 INFO  [Log] **************************************************************************************** 
2018-05-15 15:39:07,352 INFO  [Log] **************************************************************************************** 
2018-05-15 15:39:07,352 INFO  [Log] $$$$$$$$$$$$$$$$$$$$$                 TC_Login_01       $$$$$$$$$$$$$$$$$$$$$$$$$ 
2018-05-15 15:39:07,352 INFO  [Log] **************************************************************************************** 
2018-05-15 15:39:07,352 INFO  [Log] **************************************************************************************** 
2018-05-15 15:39:07,352 INFO  [Log] Enter emailAddress 
2018-05-15 15:39:07,707 INFO  [Log] Entred Username is: testpersonaluser8@yopmail.com 
2018-05-15 15:39:10,866 INFO  [Log] Click on Continue buttton 
2018-05-15 15:39:10,947 INFO  [Log] Sign Up page found 
2018-05-15 15:39:13,948 INFO  [Log] XXXXXXXXXXXXXXXXXXXXXXX             -E---N---D-             XXXXXXXXXXXXXXXXXXXXXX 
2018-05-15 15:39:13,948 INFO  [Log] X 
2018-05-15 15:39:13,948 INFO  [Log] X 
2018-05-15 15:39:13,948 INFO  [Log] X 
2018-05-15 15:39:13,948 INFO  [Log] X 
2018-05-15 15:39:13,989 INFO  [Log] **************************************************************************************** 
2018-05-15 15:39:13,989 INFO  [Log] **************************************************************************************** 
2018-05-15 15:39:13,989 INFO  [Log] $$$$$$$$$$$$$$$$$$$$$                 TC_Login_02       $$$$$$$$$$$$$$$$$$$$$$$$$ 
2018-05-15 15:39:13,989 INFO  [Log] **************************************************************************************** 
2018-05-15 15:39:13,989 INFO  [Log] **************************************************************************************** 
2018-05-15 15:39:13,989 INFO  [Log] Validate personal account button is enabled 
2018-05-15 15:39:17,134 INFO  [Log] XXXXXXXXXXXXXXXXXXXXXXX             -E---N---D-             XXXXXXXXXXXXXXXXXXXXXX 
2018-05-15 15:39:17,134 INFO  [Log] X 
2018-05-15 15:39:17,134 INFO  [Log] X 
2018-05-15 15:39:17,134 INFO  [Log] X 
2018-05-15 15:39:17,134 INFO  [Log] X 
2018-05-15 15:39:17,168 INFO  [Log] **************************************************************************************** 
2018-05-15 15:39:17,168 INFO  [Log] **************************************************************************************** 
2018-05-15 15:39:17,168 INFO  [Log] $$$$$$$$$$$$$$$$$$$$$                 TC_Login_03       $$$$$$$$$$$$$$$$$$$$$$$$$ 
2018-05-15 15:39:17,168 INFO  [Log] **************************************************************************************** 
2018-05-15 15:39:17,168 INFO  [Log] **************************************************************************************** 
2018-05-15 15:39:17,321 INFO  [Log] Enter passwordtest@123 
2018-05-15 15:39:17,321 INFO  [Log] Click on personal account button 
2018-05-15 15:39:17,504 INFO  [Log] Enter mobile number2353290710 
2018-05-15 15:39:17,538 INFO  [Log] XXXXXXXXXXXXXXXXXXXXXXX             -E---N---D-             XXXXXXXXXXXXXXXXXXXXXX 
2018-05-15 15:39:17,538 INFO  [Log] X 
2018-05-15 15:39:17,538 INFO  [Log] X 
2018-05-15 15:39:17,538 INFO  [Log] X 
2018-05-15 15:39:17,538 INFO  [Log] X 
2018-05-15 15:39:20,824 INFO  [Log] Enter Namepersonaluserdemo 
2018-05-15 15:39:23,926 INFO  [Log] Account has been created 
2018-05-15 15:39:27,554 INFO  [Log] XXXXXXXXXXXXXXXXXXXXXXX             -E---N---D-             XXXXXXXXXXXXXXXXXXXXXX 
2018-05-15 15:39:27,554 INFO  [Log] X 
2018-05-15 15:39:27,554 INFO  [Log] X 
2018-05-15 15:39:27,554 INFO  [Log] X 
2018-05-15 15:39:27,554 INFO  [Log] X 
2018-05-15 15:39:27,659 INFO  [Log] **************************************************************************************** 
2018-05-15 15:39:27,659 INFO  [Log] **************************************************************************************** 
2018-05-15 15:39:27,659 INFO  [Log] $$$$$$$$$$$$$$$$$$$$$                 To Select prodcut       $$$$$$$$$$$$$$$$$$$$$$$$$ 
2018-05-15 15:39:27,659 INFO  [Log] **************************************************************************************** 
2018-05-15 15:39:27,659 INFO  [Log] **************************************************************************************** 
2018-05-15 15:39:30,014 INFO  [Log] Click on product Title 
2018-05-15 15:39:33,138 INFO  [Log] XXXXXXXXXXXXXXXXXXXXXXX             -E---N---D-             XXXXXXXXXXXXXXXXXXXXXX 
2018-05-15 15:39:33,138 INFO  [Log] X 
2018-05-15 15:39:33,138 INFO  [Log] X 
2018-05-15 15:39:33,138 INFO  [Log] X 
2018-05-15 15:39:33,138 INFO  [Log] X 
2018-05-15 15:39:33,152 INFO  [Log] **************************************************************************************** 
2018-05-15 15:39:33,152 INFO  [Log] **************************************************************************************** 
2018-05-15 15:39:33,152 INFO  [Log] $$$$$$$$$$$$$$$$$$$$$                 OpenCartItam       $$$$$$$$$$$$$$$$$$$$$$$$$ 
2018-05-15 15:39:33,152 INFO  [Log] **************************************************************************************** 
2018-05-15 15:39:33,152 INFO  [Log] **************************************************************************************** 
2018-05-15 15:39:46,189 ERROR [Log] Add to Cart button not found and product is out of stock 
2018-05-15 15:39:49,189 INFO  [Log] XXXXXXXXXXXXXXXXXXXXXXX             -E---N---D-             XXXXXXXXXXXXXXXXXXXXXX 
2018-05-15 15:39:49,190 INFO  [Log] X 
2018-05-15 15:39:49,190 INFO  [Log] X 
2018-05-15 15:39:49,191 INFO  [Log] X 
2018-05-15 15:39:49,191 INFO  [Log] X 
2018-05-15 15:39:49,230 INFO  [Log] **************************************************************************************** 
2018-05-15 15:39:49,231 INFO  [Log] **************************************************************************************** 
2018-05-15 15:39:49,231 INFO  [Log] $$$$$$$$$$$$$$$$$$$$$                 Add Address       $$$$$$$$$$$$$$$$$$$$$$$$$ 
2018-05-15 15:39:49,231 INFO  [Log] **************************************************************************************** 
2018-05-15 15:39:49,231 INFO  [Log] **************************************************************************************** 
2018-05-15 15:40:05,274 ERROR [Log] Add Shipping Address button not found 
2018-05-15 15:40:18,320 INFO  [Log] **************************************************************************************** 
2018-05-15 15:40:18,320 INFO  [Log] **************************************************************************************** 
2018-05-15 15:40:18,320 INFO  [Log] $$$$$$$$$$$$$$$$$$$$$                 Proceed COD Order to Payment        $$$$$$$$$$$$$$$$$$$$$$$$$ 
2018-05-15 15:40:18,320 INFO  [Log] **************************************************************************************** 
2018-05-15 15:40:18,320 INFO  [Log] **************************************************************************************** 
2018-05-15 16:05:24,075 INFO  [Log] **************************************************************************************** 
2018-05-15 16:05:24,075 INFO  [Log] **************************************************************************************** 
2018-05-15 16:05:24,075 INFO  [Log] $$$$$$$$$$$$$$$$$$$$$                 TC_Login_01       $$$$$$$$$$$$$$$$$$$$$$$$$ 
2018-05-15 16:05:24,075 INFO  [Log] **************************************************************************************** 
2018-05-15 16:05:24,075 INFO  [Log] **************************************************************************************** 
2018-05-15 16:05:24,075 INFO  [Log] Enter emailAddress 
2018-05-15 16:05:24,413 INFO  [Log] Entred Username is: testpersonaluser9@yopmail.com 
2018-05-15 16:05:27,569 INFO  [Log] Click on Continue buttton 
2018-05-15 16:05:27,652 INFO  [Log] Sign Up page found 
2018-05-15 16:05:30,652 INFO  [Log] XXXXXXXXXXXXXXXXXXXXXXX             -E---N---D-             XXXXXXXXXXXXXXXXXXXXXX 
2018-05-15 16:05:30,652 INFO  [Log] X 
2018-05-15 16:05:30,652 INFO  [Log] X 
2018-05-15 16:05:30,653 INFO  [Log] X 
2018-05-15 16:05:30,653 INFO  [Log] X 
2018-05-15 16:05:30,696 INFO  [Log] **************************************************************************************** 
2018-05-15 16:05:30,696 INFO  [Log] **************************************************************************************** 
2018-05-15 16:05:30,696 INFO  [Log] $$$$$$$$$$$$$$$$$$$$$                 TC_Login_02       $$$$$$$$$$$$$$$$$$$$$$$$$ 
2018-05-15 16:05:30,696 INFO  [Log] **************************************************************************************** 
2018-05-15 16:05:30,696 INFO  [Log] **************************************************************************************** 
2018-05-15 16:05:30,696 INFO  [Log] Validate personal account button is enabled 
2018-05-15 16:05:33,832 INFO  [Log] XXXXXXXXXXXXXXXXXXXXXXX             -E---N---D-             XXXXXXXXXXXXXXXXXXXXXX 
2018-05-15 16:05:33,832 INFO  [Log] X 
2018-05-15 16:05:33,832 INFO  [Log] X 
2018-05-15 16:05:33,832 INFO  [Log] X 
2018-05-15 16:05:33,832 INFO  [Log] X 
2018-05-15 16:05:33,864 INFO  [Log] **************************************************************************************** 
2018-05-15 16:05:33,864 INFO  [Log] **************************************************************************************** 
2018-05-15 16:05:33,864 INFO  [Log] $$$$$$$$$$$$$$$$$$$$$                 TC_Login_03       $$$$$$$$$$$$$$$$$$$$$$$$$ 
2018-05-15 16:05:33,864 INFO  [Log] **************************************************************************************** 
2018-05-15 16:05:33,864 INFO  [Log] **************************************************************************************** 
2018-05-15 16:05:33,999 INFO  [Log] Enter passwordtest@123 
2018-05-15 16:05:33,999 INFO  [Log] Click on personal account button 
2018-05-15 16:05:34,183 INFO  [Log] Enter mobile number2352190710 
2018-05-15 16:05:34,218 INFO  [Log] XXXXXXXXXXXXXXXXXXXXXXX             -E---N---D-             XXXXXXXXXXXXXXXXXXXXXX 
2018-05-15 16:05:34,218 INFO  [Log] X 
2018-05-15 16:05:34,218 INFO  [Log] X 
2018-05-15 16:05:34,218 INFO  [Log] X 
2018-05-15 16:05:34,218 INFO  [Log] X 
2018-05-15 16:05:37,509 INFO  [Log] Enter Namepersonaluserdemo 
2018-05-15 16:05:40,600 INFO  [Log] Account has been created 
2018-05-15 16:05:44,231 INFO  [Log] XXXXXXXXXXXXXXXXXXXXXXX             -E---N---D-             XXXXXXXXXXXXXXXXXXXXXX 
2018-05-15 16:05:44,232 INFO  [Log] X 
2018-05-15 16:05:44,232 INFO  [Log] X 
2018-05-15 16:05:44,232 INFO  [Log] X 
2018-05-15 16:05:44,232 INFO  [Log] X 
2018-05-15 16:05:44,297 INFO  [Log] **************************************************************************************** 
2018-05-15 16:05:44,297 INFO  [Log] **************************************************************************************** 
2018-05-15 16:05:44,297 INFO  [Log] $$$$$$$$$$$$$$$$$$$$$                 To Select prodcut       $$$$$$$$$$$$$$$$$$$$$$$$$ 
2018-05-15 16:05:44,297 INFO  [Log] **************************************************************************************** 
2018-05-15 16:05:44,298 INFO  [Log] **************************************************************************************** 
2018-05-15 16:05:45,869 INFO  [Log] Click on product Title 
2018-05-15 16:05:48,984 INFO  [Log] XXXXXXXXXXXXXXXXXXXXXXX             -E---N---D-             XXXXXXXXXXXXXXXXXXXXXX 
2018-05-15 16:05:48,984 INFO  [Log] X 
2018-05-15 16:05:48,984 INFO  [Log] X 
2018-05-15 16:05:48,984 INFO  [Log] X 
2018-05-15 16:05:48,984 INFO  [Log] X 
2018-05-15 16:05:48,997 INFO  [Log] **************************************************************************************** 
2018-05-15 16:05:48,997 INFO  [Log] **************************************************************************************** 
2018-05-15 16:05:48,997 INFO  [Log] $$$$$$$$$$$$$$$$$$$$$                 OpenCartItam       $$$$$$$$$$$$$$$$$$$$$$$$$ 
2018-05-15 16:05:48,998 INFO  [Log] **************************************************************************************** 
2018-05-15 16:05:48,998 INFO  [Log] **************************************************************************************** 
2018-05-15 16:06:02,075 INFO  [Log] Add to Cart button not found due to product is out of stock 
2018-05-15 16:06:05,209 INFO  [Log] XXXXXXXXXXXXXXXXXXXXXXX             -E---N---D-             XXXXXXXXXXXXXXXXXXXXXX 
2018-05-15 16:06:05,209 INFO  [Log] X 
2018-05-15 16:06:05,210 INFO  [Log] X 
2018-05-15 16:06:05,210 INFO  [Log] X 
2018-05-15 16:06:05,210 INFO  [Log] X 
2018-05-15 16:06:05,250 INFO  [Log] **************************************************************************************** 
2018-05-15 16:06:05,251 INFO  [Log] **************************************************************************************** 
2018-05-15 16:06:05,251 INFO  [Log] $$$$$$$$$$$$$$$$$$$$$                 Add Address       $$$$$$$$$$$$$$$$$$$$$$$$$ 
2018-05-15 16:06:05,251 INFO  [Log] **************************************************************************************** 
2018-05-15 16:06:05,251 INFO  [Log] **************************************************************************************** 
2018-05-15 16:06:21,304 ERROR [Log] Add Shipping Address button not found 
2018-05-15 16:06:34,424 INFO  [Log] **************************************************************************************** 
2018-05-15 16:06:34,424 INFO  [Log] **************************************************************************************** 
2018-05-15 16:06:34,424 INFO  [Log] $$$$$$$$$$$$$$$$$$$$$                 Proceed COD Order to Payment        $$$$$$$$$$$$$$$$$$$$$$$$$ 
2018-05-15 16:06:34,424 INFO  [Log] **************************************************************************************** 
2018-05-15 16:06:34,424 INFO  [Log] **************************************************************************************** 
